
Showing logs for build [32mcb-kubecd-environment-pr-213-36-9rljx-1[0m stage [32mfrom-build-pack[0m and container [32mstep-credential-initializer-dn6nb[0m
{"level":"info","ts":1588646765.9986072,"logger":"fallback-logger","caller":"logging/config.go:69","msg":"Fetch GitHub commit ID from kodata failed: open /var/run/ko/refs/heads/0.8.0-ns-support: no such file or directory"}
{"level":"info","ts":1588646765.9994133,"logger":"fallback-logger","caller":"creds-init/main.go:40","msg":"Credentials initialized."}

Showing logs for build [32mcb-kubecd-environment-pr-213-36-9rljx-1[0m stage [32mfrom-build-pack[0m and container [32mstep-working-dir-initializer-662x4[0m
{"level":"info","ts":1588646766.9648478,"logger":"fallback-logger","caller":"logging/config.go:69","msg":"Fetch GitHub commit ID from kodata failed: open /var/run/ko/HEAD: no such file or directory"}
{"level":"info","ts":1588646766.966521,"logger":"fallback-logger","caller":"bash/main.go:64","msg":"Successfully executed command \"sh -c mkdir -p /workspace/source\"; output "}

Showing logs for build [32mcb-kubecd-environment-pr-213-36-9rljx-1[0m stage [32mfrom-build-pack[0m and container [32mstep-place-tools[0m

Showing logs for build [32mcb-kubecd-environment-pr-213-36-9rljx-1[0m stage [32mfrom-build-pack[0m and container [32mstep-git-source-cb-kubecd-environment-pr-213-36-9rljx-db9cm[0m
{"level":"info","ts":1588646795.1662138,"logger":"fallback-logger","caller":"logging/config.go:69","msg":"Fetch GitHub commit ID from kodata failed: open /var/run/ko/refs/heads/0.8.0-ns-support: no such file or directory"}
{"level":"info","ts":1588646796.2728899,"logger":"fallback-logger","caller":"git/git.go:103","msg":"Successfully cloned https://github.com/cb-kubecd/environment-pr-213-36-gke-upgrade-staging.git @ master in path /workspace/source"}

Showing logs for build [32mcb-kubecd-environment-pr-213-36-9rljx-1[0m stage [32mfrom-build-pack[0m and container [32mstep-git-merge[0m
Using SHAs from PULL_REFS=master:9af6e7c2cd240e7dde51b5ef8fe04cffaa5f3399,1:6c955355a05314263d84e6a8c4872084eba2af4e
DEBUG: LC_ALL=C JX_LOG_LEVEL=error git fetch origin --unshallow 6c955355a05314263d84e6a8c4872084eba2af4e: 9af6e7c2cd240e7dde51b5ef8fe04cffaa5f3399:
DEBUG: ran git fetch --unshallow origin 6c955355a05314263d84e6a8c4872084eba2af4e: 9af6e7c2cd240e7dde51b5ef8fe04cffaa5f3399: in 
DEBUG: LC_ALL=C JX_LOG_LEVEL=error git branch
DEBUG: LC_ALL=C JX_LOG_LEVEL=error git checkout master
DEBUG: ran git checkout master in 
DEBUG: JX_LOG_LEVEL=error LC_ALL=C git reset --hard 9af6e7c2cd240e7dde51b5ef8fe04cffaa5f3399
DEBUG: ran git reset --hard 9af6e7c2cd240e7dde51b5ef8fe04cffaa5f3399 in 
DEBUG: LC_ALL=C JX_LOG_LEVEL=error git clean -fd .
DEBUG: ran clean --force -d . in 
DEBUG: LC_ALL=C JX_LOG_LEVEL=error git merge 6c955355a05314263d84e6a8c4872084eba2af4e
DEBUG: ran git merge 6c955355a05314263d84e6a8c4872084eba2af4e in 
DEBUG: LC_ALL=C JX_LOG_LEVEL=error git log --format=%H%x1f%an%x1f%ae%x1f%cn%x1f%ce%x1f%s%n%b%x1e 9af6e7c2cd240e7dde51b5ef8fe04cffaa5f3399..HEAD
Merged SHA 6c955355a05314263d84e6a8c4872084eba2af4e with commit message 'chore: Promote bdd-spring-1588646401 to version 0.0.1' into base branch master

Showing logs for build [32mcb-kubecd-environment-pr-213-36-9rljx-1[0m stage [32mfrom-build-pack[0m and container [32mstep-build-helm-build[0m
WARNING: No $CHART_REPOSITORY defined so using the default value of: http://jenkins-x-chartmuseum:8080
Adding missing Helm repo: storage.googleapis.com https://storage.googleapis.com/chartmuseum.jenkins-x.io
WARNING: No secrets found on "helm/repos" due: reading the secret "helm/repos" from vault: no secret "helm/repos" not found in vault
Read credentials for https://storage.googleapis.com/chartmuseum.jenkins-x.io from vault helm/repos
Successfully added Helm repository storage.googleapis.com.
Adding missing Helm repo: jenkins-x-chartmuseum http://jenkins-x-chartmuseum:8080
WARNING: No secrets found on "helm/repos" due: reading the secret "helm/repos" from vault: no secret "helm/repos" not found in vault
Read credentials for http://jenkins-x-chartmuseum:8080 from vault helm/repos
Successfully added Helm repository jenkins-x-chartmuseum.
WARNING: No $CHART_REPOSITORY defined so using the default value of: http://jenkins-x-chartmuseum:8080
Adding missing Helm repo: chartmuseum.jenkins-x.io http://chartmuseum.jenkins-x.io
WARNING: No secrets found on "helm/repos" due: reading the secret "helm/repos" from vault: no secret "helm/repos" not found in vault
Read credentials for http://chartmuseum.jenkins-x.io from vault helm/repos
Successfully added Helm repository chartmuseum.jenkins-x.io.
